{"C:\\Users\\olvin\\OneDrive\\Documents\\SisOperativo\\proyecto\\so-github-actions-labs\\so-cicd-app\\src\\App.css": {"path":"C:\\Users\\olvin\\OneDrive\\Documents\\SisOperativo\\proyecto\\so-github-actions-labs\\so-cicd-app\\src\\App.css","statementMap":{},"fnMap":{},"branchMap":{},"s":{},"f":{},"b":{},"meta":{"lastBranch":0,"lastFunction":0,"lastStatement":0,"seen":{}}}
,"C:\\Users\\olvin\\OneDrive\\Documents\\SisOperativo\\proyecto\\so-github-actions-labs\\so-cicd-app\\src\\App.jsx": {"path":"C:\\Users\\olvin\\OneDrive\\Documents\\SisOperativo\\proyecto\\so-github-actions-labs\\so-cicd-app\\src\\App.jsx","statementMap":{"0":{"start":{"line":4,"column":2},"end":{"line":35,"column":null}}},"fnMap":{"0":{"name":"App","decl":{"start":{"line":3,"column":9},"end":{"line":3,"column":15}},"loc":{"start":{"line":3,"column":15},"end":{"line":37,"column":null}},"line":3}},"branchMap":{"0":{"loc":{"start":{"line":19,"column":13},"end":{"line":19,"column":null}},"type":"binary-expr","locations":[{"start":{"line":19,"column":13},"end":{"line":19,"column":46}},{"start":{"line":19,"column":46},"end":{"line":19,"column":null}}],"line":19},"1":{"loc":{"start":{"line":23,"column":13},"end":{"line":23,"column":null}},"type":"binary-expr","locations":[{"start":{"line":23,"column":13},"end":{"line":23,"column":49}},{"start":{"line":23,"column":49},"end":{"line":23,"column":null}}],"line":23}},"s":{"0":1},"f":{"0":1},"b":{"0":[1,1],"1":[1,1]},"meta":{"lastBranch":2,"lastFunction":1,"lastStatement":1,"seen":{"f:3:9:3:15":0,"s:4:2:35:Infinity":0,"b:19:13:19:46:19:46:19:Infinity":0,"b:23:13:23:49:23:49:23:Infinity":1}}}
,"C:\\Users\\olvin\\OneDrive\\Documents\\SisOperativo\\proyecto\\so-github-actions-labs\\so-cicd-app\\src\\system\\fileLogger.js": {"path":"C:\\Users\\olvin\\OneDrive\\Documents\\SisOperativo\\proyecto\\so-github-actions-labs\\so-cicd-app\\src\\system\\fileLogger.js","statementMap":{"0":{"start":{"line":9,"column":17},"end":{"line":9,"column":30}},"1":{"start":{"line":10,"column":16},"end":{"line":10,"column":43}},"2":{"start":{"line":11,"column":17},"end":{"line":11,"column":46}},"3":{"start":{"line":14,"column":0},"end":{"line":16,"column":1}},"4":{"start":{"line":15,"column":2},"end":{"line":15,"column":45}},"5":{"start":{"line":23,"column":20},"end":{"line":23,"column":44}},"6":{"start":{"line":24,"column":15},"end":{"line":24,"column":44}},"7":{"start":{"line":26,"column":2},"end":{"line":26,"column":29}},"8":{"start":{"line":28,"column":2},"end":{"line":28,"column":44}},"9":{"start":{"line":38,"column":2},"end":{"line":41,"column":3}},"10":{"start":{"line":39,"column":4},"end":{"line":39,"column":46}},"11":{"start":{"line":40,"column":4},"end":{"line":40,"column":38}},"12":{"start":{"line":43,"column":18},"end":{"line":43,"column":51}},"13":{"start":{"line":44,"column":16},"end":{"line":44,"column":66}},"14":{"start":{"line":44,"column":50},"end":{"line":44,"column":65}},"15":{"start":{"line":45,"column":2},"end":{"line":45,"column":67}},"16":{"start":{"line":46,"column":2},"end":{"line":46,"column":22}}},"fnMap":{"0":{"name":"logMessage","decl":{"start":{"line":22,"column":16},"end":{"line":22,"column":26}},"loc":{"start":{"line":22,"column":36},"end":{"line":29,"column":1}},"line":22},"1":{"name":"processTextFile","decl":{"start":{"line":37,"column":16},"end":{"line":37,"column":31}},"loc":{"start":{"line":37,"column":42},"end":{"line":47,"column":1}},"line":37},"2":{"name":"(anonymous_2)","decl":{"start":{"line":44,"column":43},"end":{"line":44,"column":44}},"loc":{"start":{"line":44,"column":50},"end":{"line":44,"column":65}},"line":44}},"branchMap":{"0":{"loc":{"start":{"line":14,"column":0},"end":{"line":16,"column":1}},"type":"if","locations":[{"start":{"line":14,"column":0},"end":{"line":16,"column":1}},{"start":{},"end":{}}],"line":14},"1":{"loc":{"start":{"line":38,"column":2},"end":{"line":41,"column":3}},"type":"if","locations":[{"start":{"line":38,"column":2},"end":{"line":41,"column":3}},{"start":{},"end":{}}],"line":38}},"s":{"0":1,"1":1,"2":1,"3":1,"4":0,"5":2,"6":2,"7":2,"8":2,"9":2,"10":1,"11":1,"12":1,"13":1,"14":5,"15":1,"16":1},"f":{"0":2,"1":2,"2":5},"b":{"0":[0,1],"1":[1,1]},"meta":{"lastBranch":2,"lastFunction":3,"lastStatement":17,"seen":{"s:9:17:9:30":0,"s:10:16:10:43":1,"s:11:17:11:46":2,"b:14:0:16:1:undefined:undefined:undefined:undefined":0,"s:14:0:16:1":3,"s:15:2:15:45":4,"f:22:16:22:26":0,"s:23:20:23:44":5,"s:24:15:24:44":6,"s:26:2:26:29":7,"s:28:2:28:44":8,"f:37:16:37:31":1,"b:38:2:41:3:undefined:undefined:undefined:undefined":1,"s:38:2:41:3":9,"s:39:4:39:46":10,"s:40:4:40:38":11,"s:43:18:43:51":12,"s:44:16:44:66":13,"f:44:43:44:44":2,"s:44:50:44:65":14,"s:45:2:45:67":15,"s:46:2:46:22":16}}}
}
