{"C:\\Users\\olvin\\OneDrive\\Documents\\SisOperativo\\proyecto\\so-github-actions-labs\\so-cicd-app\\src\\App.css": {"path":"C:\\Users\\olvin\\OneDrive\\Documents\\SisOperativo\\proyecto\\so-github-actions-labs\\so-cicd-app\\src\\App.css","statementMap":{},"fnMap":{},"branchMap":{},"s":{},"f":{},"b":{},"meta":{"lastBranch":0,"lastFunction":0,"lastStatement":0,"seen":{}}}
,"C:\\Users\\olvin\\OneDrive\\Documents\\SisOperativo\\proyecto\\so-github-actions-labs\\so-cicd-app\\src\\App.jsx": {"path":"C:\\Users\\olvin\\OneDrive\\Documents\\SisOperativo\\proyecto\\so-github-actions-labs\\so-cicd-app\\src\\App.jsx","statementMap":{"0":{"start":{"line":4,"column":2},"end":{"line":35,"column":null}}},"fnMap":{"0":{"name":"App","decl":{"start":{"line":3,"column":9},"end":{"line":3,"column":15}},"loc":{"start":{"line":3,"column":15},"end":{"line":37,"column":null}},"line":3}},"branchMap":{"0":{"loc":{"start":{"line":19,"column":13},"end":{"line":19,"column":null}},"type":"binary-expr","locations":[{"start":{"line":19,"column":13},"end":{"line":19,"column":46}},{"start":{"line":19,"column":46},"end":{"line":19,"column":null}}],"line":19},"1":{"loc":{"start":{"line":23,"column":13},"end":{"line":23,"column":null}},"type":"binary-expr","locations":[{"start":{"line":23,"column":13},"end":{"line":23,"column":49}},{"start":{"line":23,"column":49},"end":{"line":23,"column":null}}],"line":23}},"s":{"0":1},"f":{"0":1},"b":{"0":[1,1],"1":[1,1]},"meta":{"lastBranch":2,"lastFunction":1,"lastStatement":1,"seen":{"f:3:9:3:15":0,"s:4:2:35:Infinity":0,"b:19:13:19:46:19:46:19:Infinity":0,"b:23:13:23:49:23:49:23:Infinity":1}}}
,"C:\\Users\\olvin\\OneDrive\\Documents\\SisOperativo\\proyecto\\so-github-actions-labs\\so-cicd-app\\src\\system\\fileLogger.js": {"path":"C:\\Users\\olvin\\OneDrive\\Documents\\SisOperativo\\proyecto\\so-github-actions-labs\\so-cicd-app\\src\\system\\fileLogger.js","statementMap":{"0":{"start":{"line":4,"column":17},"end":{"line":4,"column":30}},"1":{"start":{"line":5,"column":16},"end":{"line":5,"column":43}},"2":{"start":{"line":6,"column":17},"end":{"line":6,"column":46}},"3":{"start":{"line":8,"column":0},"end":{"line":10,"column":1}},"4":{"start":{"line":9,"column":2},"end":{"line":9,"column":45}},"5":{"start":{"line":14,"column":20},"end":{"line":14,"column":44}},"6":{"start":{"line":15,"column":15},"end":{"line":15,"column":44}},"7":{"start":{"line":16,"column":2},"end":{"line":16,"column":29}},"8":{"start":{"line":17,"column":2},"end":{"line":17,"column":44}},"9":{"start":{"line":22,"column":2},"end":{"line":25,"column":3}},"10":{"start":{"line":23,"column":4},"end":{"line":23,"column":46}},"11":{"start":{"line":24,"column":4},"end":{"line":24,"column":38}},"12":{"start":{"line":27,"column":18},"end":{"line":27,"column":51}},"13":{"start":{"line":28,"column":16},"end":{"line":28,"column":66}},"14":{"start":{"line":28,"column":50},"end":{"line":28,"column":65}},"15":{"start":{"line":29,"column":2},"end":{"line":29,"column":67}},"16":{"start":{"line":30,"column":2},"end":{"line":30,"column":22}}},"fnMap":{"0":{"name":"logMessage","decl":{"start":{"line":13,"column":16},"end":{"line":13,"column":26}},"loc":{"start":{"line":13,"column":36},"end":{"line":18,"column":1}},"line":13},"1":{"name":"processTextFile","decl":{"start":{"line":21,"column":16},"end":{"line":21,"column":31}},"loc":{"start":{"line":21,"column":42},"end":{"line":31,"column":null}},"line":21},"2":{"name":"(anonymous_2)","decl":{"start":{"line":28,"column":43},"end":{"line":28,"column":44}},"loc":{"start":{"line":28,"column":50},"end":{"line":28,"column":65}},"line":28}},"branchMap":{"0":{"loc":{"start":{"line":8,"column":0},"end":{"line":10,"column":1}},"type":"if","locations":[{"start":{"line":8,"column":0},"end":{"line":10,"column":1}},{"start":{},"end":{}}],"line":8},"1":{"loc":{"start":{"line":22,"column":2},"end":{"line":25,"column":3}},"type":"if","locations":[{"start":{"line":22,"column":2},"end":{"line":25,"column":3}},{"start":{},"end":{}}],"line":22}},"s":{"0":1,"1":1,"2":1,"3":1,"4":0,"5":2,"6":2,"7":2,"8":2,"9":2,"10":1,"11":1,"12":1,"13":1,"14":5,"15":1,"16":1},"f":{"0":2,"1":2,"2":5},"b":{"0":[0,1],"1":[1,1]},"meta":{"lastBranch":2,"lastFunction":3,"lastStatement":17,"seen":{"s:4:17:4:30":0,"s:5:16:5:43":1,"s:6:17:6:46":2,"b:8:0:10:1:undefined:undefined:undefined:undefined":0,"s:8:0:10:1":3,"s:9:2:9:45":4,"f:13:16:13:26":0,"s:14:20:14:44":5,"s:15:15:15:44":6,"s:16:2:16:29":7,"s:17:2:17:44":8,"f:21:16:21:31":1,"b:22:2:25:3:undefined:undefined:undefined:undefined":1,"s:22:2:25:3":9,"s:23:4:23:46":10,"s:24:4:24:38":11,"s:27:18:27:51":12,"s:28:16:28:66":13,"f:28:43:28:44":2,"s:28:50:28:65":14,"s:29:2:29:67":15,"s:30:2:30:22":16}}}
}
